build/app/intermediates/manifest_merge_blame_file/debug/manifest-merger-blame-debug-report.txt
1<?xml version="1.0" encoding="utf-8"?>
2<manifest xmlns:android="http://schemas.android.com/apk/res/android"
3    package="com.example.poswell_app"
4    android:versionCode="1"
5    android:versionName="1.0.0" >
6
7    <uses-sdk
8        android:minSdkVersion="21"
9        android:targetSdkVersion="34" />
10    <!--
11         The INTERNET permission is required for development. Specifically,
12         the Flutter tool needs it to communicate with the running application
13         to allow setting breakpoints, to provide hot reload, etc.
14    -->
15    <uses-permission android:name="android.permission.INTERNET" />
15-->src\debug\AndroidManifest.xml:6:5-66
15-->src\debug\AndroidManifest.xml:6:22-64
16    <!--
17     Required to query activities that can process text, see:
18         https://developer.android.com/training/package-visibility and
19         https://developer.android.com/reference/android/content/Intent#ACTION_PROCESS_TEXT.
20
21         In particular, this is used by the Flutter engine in io.flutter.plugin.text.ProcessTextPlugin.
22    -->
23    <queries>
23-->src\main\AndroidManifest.xml:39:5-44:15
24        <intent>
24-->src\main\AndroidManifest.xml:40:9-43:18
25            <action android:name="android.intent.action.PROCESS_TEXT" />
25-->src\main\AndroidManifest.xml:41:13-72
25-->src\main\AndroidManifest.xml:41:21-70
26
27            <data android:mimeType="text/plain" />
27-->src\main\AndroidManifest.xml:42:13-50
27-->src\main\AndroidManifest.xml:42:19-48
28        </intent>
29        <!-- Needs to be explicitly declared on Android R+ -->
30        <package android:name="com.google.android.apps.maps" />
30-->[com.google.android.gms:play-services-maps:18.2.0] AndroidManifest.xml:33:9-64
30-->[com.google.android.gms:play-services-maps:18.2.0] AndroidManifest.xml:33:18-61
31
32        <intent>
32-->[androidx.media2:media2-session:1.2.1] AndroidManifest.xml:25:9-27:18
33            <action android:name="android.media.browse.MediaBrowserService" />
33-->[androidx.media2:media2-session:1.2.1] AndroidManifest.xml:26:13-79
33-->[androidx.media2:media2-session:1.2.1] AndroidManifest.xml:26:21-76
34        </intent>
35        <intent>
35-->[androidx.media2:media2-session:1.2.1] AndroidManifest.xml:28:9-30:18
36            <action android:name="androidx.media2.session.MediaSessionService" />
36-->[androidx.media2:media2-session:1.2.1] AndroidManifest.xml:29:13-82
36-->[androidx.media2:media2-session:1.2.1] AndroidManifest.xml:29:21-79
37        </intent>
38        <intent>
38-->[androidx.media2:media2-session:1.2.1] AndroidManifest.xml:31:9-33:18
39            <action android:name="androidx.media2.session.MediaLibraryService" />
39-->[androidx.media2:media2-session:1.2.1] AndroidManifest.xml:32:13-82
39-->[androidx.media2:media2-session:1.2.1] AndroidManifest.xml:32:21-79
40        </intent>
41    </queries>
42
43    <uses-permission android:name="android.permission.WAKE_LOCK" />
43-->[:firebase_messaging] AndroidManifest.xml:10:5-68
43-->[:firebase_messaging] AndroidManifest.xml:10:22-65
44    <uses-permission android:name="android.permission.ACCESS_NETWORK_STATE" /> <!-- Permissions options for the `notification` group -->
44-->[:firebase_messaging] AndroidManifest.xml:11:5-79
44-->[:firebase_messaging] AndroidManifest.xml:11:22-76
45    <uses-permission android:name="android.permission.POST_NOTIFICATIONS" />
45-->[:firebase_messaging] AndroidManifest.xml:13:5-77
45-->[:firebase_messaging] AndroidManifest.xml:13:22-74
46    <uses-permission android:name="android.permission.ACCESS_FINE_LOCATION" />
46-->[:flutter_qiblah] AndroidManifest.xml:10:5-79
46-->[:flutter_qiblah] AndroidManifest.xml:10:22-76
47    <uses-permission android:name="android.permission.ACCESS_COARSE_LOCATION" />
47-->[:flutter_qiblah] AndroidManifest.xml:11:5-81
47-->[:flutter_qiblah] AndroidManifest.xml:11:22-78
48    <uses-permission android:name="android.permission.VIBRATE" />
48-->[:flutter_local_notifications] AndroidManifest.xml:9:5-66
48-->[:flutter_local_notifications] AndroidManifest.xml:9:22-63
49
50    <uses-feature
50-->[com.google.android.gms:play-services-maps:18.2.0] AndroidManifest.xml:26:5-28:35
51        android:glEsVersion="0x00020000"
51-->[com.google.android.gms:play-services-maps:18.2.0] AndroidManifest.xml:27:9-41
52        android:required="true" /> <!-- Required by older versions of Google Play services to create IID tokens -->
52-->[com.google.android.gms:play-services-maps:18.2.0] AndroidManifest.xml:28:9-32
53    <uses-permission android:name="com.google.android.c2dm.permission.RECEIVE" />
53-->[com.google.firebase:firebase-messaging:24.0.3] AndroidManifest.xml:26:5-82
53-->[com.google.firebase:firebase-messaging:24.0.3] AndroidManifest.xml:26:22-79
54
55    <permission
55-->[androidx.core:core:1.13.1] AndroidManifest.xml:22:5-24:47
56        android:name="com.example.poswell_app.DYNAMIC_RECEIVER_NOT_EXPORTED_PERMISSION"
56-->[androidx.core:core:1.13.1] AndroidManifest.xml:23:9-81
57        android:protectionLevel="signature" />
57-->[androidx.core:core:1.13.1] AndroidManifest.xml:24:9-44
58
59    <uses-permission android:name="com.example.poswell_app.DYNAMIC_RECEIVER_NOT_EXPORTED_PERMISSION" /> <!-- for android -->
59-->[androidx.core:core:1.13.1] AndroidManifest.xml:26:5-97
59-->[androidx.core:core:1.13.1] AndroidManifest.xml:26:22-94
60    <!-- <uses-permission android:name="com.android.launcher.permission.READ_SETTINGS"/> -->
61    <!-- <uses-permission android:name="com.android.launcher.permission.WRITE_SETTINGS"/> -->
62    <!-- <uses-permission android:name="com.android.launcher.permission.INSTALL_SHORTCUT" /> -->
63    <!-- <uses-permission android:name="com.android.launcher.permission.UNINSTALL_SHORTCUT" /> -->
64    <!-- for Samsung -->
65    <uses-permission android:name="com.sec.android.provider.badge.permission.READ" />
65-->[me.leolin:ShortcutBadger:1.1.22] AndroidManifest.xml:19:5-86
65-->[me.leolin:ShortcutBadger:1.1.22] AndroidManifest.xml:19:22-83
66    <uses-permission android:name="com.sec.android.provider.badge.permission.WRITE" /> <!-- for htc -->
66-->[me.leolin:ShortcutBadger:1.1.22] AndroidManifest.xml:20:5-87
66-->[me.leolin:ShortcutBadger:1.1.22] AndroidManifest.xml:20:22-84
67    <uses-permission android:name="com.htc.launcher.permission.READ_SETTINGS" />
67-->[me.leolin:ShortcutBadger:1.1.22] AndroidManifest.xml:23:5-81
67-->[me.leolin:ShortcutBadger:1.1.22] AndroidManifest.xml:23:22-78
68    <uses-permission android:name="com.htc.launcher.permission.UPDATE_SHORTCUT" /> <!-- for sony -->
68-->[me.leolin:ShortcutBadger:1.1.22] AndroidManifest.xml:24:5-83
68-->[me.leolin:ShortcutBadger:1.1.22] AndroidManifest.xml:24:22-80
69    <uses-permission android:name="com.sonyericsson.home.permission.BROADCAST_BADGE" />
69-->[me.leolin:ShortcutBadger:1.1.22] AndroidManifest.xml:27:5-88
69-->[me.leolin:ShortcutBadger:1.1.22] AndroidManifest.xml:27:22-85
70    <uses-permission android:name="com.sonymobile.home.permission.PROVIDER_INSERT_BADGE" /> <!-- for apex -->
70-->[me.leolin:ShortcutBadger:1.1.22] AndroidManifest.xml:28:5-92
70-->[me.leolin:ShortcutBadger:1.1.22] AndroidManifest.xml:28:22-89
71    <uses-permission android:name="com.anddoes.launcher.permission.UPDATE_COUNT" /> <!-- for solid -->
71-->[me.leolin:ShortcutBadger:1.1.22] AndroidManifest.xml:31:5-84
71-->[me.leolin:ShortcutBadger:1.1.22] AndroidManifest.xml:31:22-81
72    <uses-permission android:name="com.majeur.launcher.permission.UPDATE_BADGE" /> <!-- for huawei -->
72-->[me.leolin:ShortcutBadger:1.1.22] AndroidManifest.xml:34:5-83
72-->[me.leolin:ShortcutBadger:1.1.22] AndroidManifest.xml:34:22-80
73    <uses-permission android:name="com.huawei.android.launcher.permission.CHANGE_BADGE" />
73-->[me.leolin:ShortcutBadger:1.1.22] AndroidManifest.xml:37:5-91
73-->[me.leolin:ShortcutBadger:1.1.22] AndroidManifest.xml:37:22-88
74    <uses-permission android:name="com.huawei.android.launcher.permission.READ_SETTINGS" />
74-->[me.leolin:ShortcutBadger:1.1.22] AndroidManifest.xml:38:5-92
74-->[me.leolin:ShortcutBadger:1.1.22] AndroidManifest.xml:38:22-89
75    <uses-permission android:name="com.huawei.android.launcher.permission.WRITE_SETTINGS" /> <!-- for ZUK -->
75-->[me.leolin:ShortcutBadger:1.1.22] AndroidManifest.xml:39:5-93
75-->[me.leolin:ShortcutBadger:1.1.22] AndroidManifest.xml:39:22-90
76    <uses-permission android:name="android.permission.READ_APP_BADGE" /> <!-- for OPPO -->
76-->[me.leolin:ShortcutBadger:1.1.22] AndroidManifest.xml:42:5-73
76-->[me.leolin:ShortcutBadger:1.1.22] AndroidManifest.xml:42:22-70
77    <uses-permission android:name="com.oppo.launcher.permission.READ_SETTINGS" />
77-->[me.leolin:ShortcutBadger:1.1.22] AndroidManifest.xml:45:5-82
77-->[me.leolin:ShortcutBadger:1.1.22] AndroidManifest.xml:45:22-79
78    <uses-permission android:name="com.oppo.launcher.permission.WRITE_SETTINGS" /> <!-- for EvMe -->
78-->[me.leolin:ShortcutBadger:1.1.22] AndroidManifest.xml:46:5-83
78-->[me.leolin:ShortcutBadger:1.1.22] AndroidManifest.xml:46:22-80
79    <uses-permission android:name="me.everything.badger.permission.BADGE_COUNT_READ" />
79-->[me.leolin:ShortcutBadger:1.1.22] AndroidManifest.xml:49:5-88
79-->[me.leolin:ShortcutBadger:1.1.22] AndroidManifest.xml:49:22-85
80    <uses-permission android:name="me.everything.badger.permission.BADGE_COUNT_WRITE" />
80-->[me.leolin:ShortcutBadger:1.1.22] AndroidManifest.xml:50:5-89
80-->[me.leolin:ShortcutBadger:1.1.22] AndroidManifest.xml:50:22-86
81
82    <application
83        android:name="android.app.Application"
84        android:appComponentFactory="androidx.core.app.CoreComponentFactory"
84-->[androidx.core:core:1.13.1] AndroidManifest.xml:28:18-86
85        android:debuggable="true"
86        android:icon="@mipmap/ic_launcher"
87        android:label="poswell_app" >
88        <activity
89            android:name="com.example.poswell_app.MainActivity"
90            android:configChanges="orientation|keyboardHidden|keyboard|screenSize|smallestScreenSize|locale|layoutDirection|fontScale|screenLayout|density|uiMode"
91            android:exported="true"
92            android:hardwareAccelerated="true"
93            android:launchMode="singleTop"
94            android:taskAffinity=""
95            android:theme="@style/LaunchTheme"
96            android:windowSoftInputMode="adjustResize" >
97
98            <!--
99                 Specifies an Android theme to apply to this Activity as soon as
100                 the Android process has started. This theme is visible to the user
101                 while the Flutter UI initializes. After that, this theme continues
102                 to determine the Window background behind the Flutter UI.
103            -->
104            <meta-data
105                android:name="io.flutter.embedding.android.NormalTheme"
106                android:resource="@style/NormalTheme" />
107
108            <intent-filter>
109                <action android:name="android.intent.action.MAIN" />
110
111                <category android:name="android.intent.category.LAUNCHER" />
112            </intent-filter>
113        </activity>
114        <!--
115             Don't delete the meta-data below.
116             This is used by the Flutter tool to generate GeneratedPluginRegistrant.java
117        -->
118        <meta-data
119            android:name="flutterEmbedding"
120            android:value="2" />
121
122        <service
122-->[:firebase_messaging] AndroidManifest.xml:16:9-19:72
123            android:name="io.flutter.plugins.firebase.messaging.FlutterFirebaseMessagingBackgroundService"
123-->[:firebase_messaging] AndroidManifest.xml:17:13-107
124            android:exported="false"
124-->[:firebase_messaging] AndroidManifest.xml:18:13-37
125            android:permission="android.permission.BIND_JOB_SERVICE" />
125-->[:firebase_messaging] AndroidManifest.xml:19:13-69
126        <service
126-->[:firebase_messaging] AndroidManifest.xml:20:9-26:19
127            android:name="io.flutter.plugins.firebase.messaging.FlutterFirebaseMessagingService"
127-->[:firebase_messaging] AndroidManifest.xml:21:13-97
128            android:exported="false" >
128-->[:firebase_messaging] AndroidManifest.xml:22:13-37
129            <intent-filter>
129-->[:firebase_messaging] AndroidManifest.xml:23:13-25:29
130                <action android:name="com.google.firebase.MESSAGING_EVENT" />
130-->[:firebase_messaging] AndroidManifest.xml:24:17-78
130-->[:firebase_messaging] AndroidManifest.xml:24:25-75
131            </intent-filter>
132        </service>
133
134        <receiver
134-->[:firebase_messaging] AndroidManifest.xml:28:9-35:20
135            android:name="io.flutter.plugins.firebase.messaging.FlutterFirebaseMessagingReceiver"
135-->[:firebase_messaging] AndroidManifest.xml:29:13-98
136            android:exported="true"
136-->[:firebase_messaging] AndroidManifest.xml:30:13-36
137            android:permission="com.google.android.c2dm.permission.SEND" >
137-->[:firebase_messaging] AndroidManifest.xml:31:13-73
138            <intent-filter>
138-->[:firebase_messaging] AndroidManifest.xml:32:13-34:29
139                <action android:name="com.google.android.c2dm.intent.RECEIVE" />
139-->[:firebase_messaging] AndroidManifest.xml:33:17-81
139-->[:firebase_messaging] AndroidManifest.xml:33:25-78
140            </intent-filter>
141        </receiver>
142
143        <service
143-->[:firebase_messaging] AndroidManifest.xml:37:9-41:19
144            android:name="com.google.firebase.components.ComponentDiscoveryService"
144-->[:firebase_messaging] AndroidManifest.xml:37:18-89
145            android:directBootAware="true"
145-->[com.google.firebase:firebase-common:21.0.0] AndroidManifest.xml:32:13-43
146            android:exported="false" >
146-->[com.google.firebase:firebase-messaging:24.0.3] AndroidManifest.xml:56:13-37
147            <meta-data
147-->[:firebase_messaging] AndroidManifest.xml:38:13-40:85
148                android:name="com.google.firebase.components:io.flutter.plugins.firebase.messaging.FlutterFirebaseAppRegistrar"
148-->[:firebase_messaging] AndroidManifest.xml:39:17-128
149                android:value="com.google.firebase.components.ComponentRegistrar" />
149-->[:firebase_messaging] AndroidManifest.xml:40:17-82
150            <meta-data
150-->[:firebase_core] AndroidManifest.xml:11:13-13:85
151                android:name="com.google.firebase.components:io.flutter.plugins.firebase.core.FlutterFirebaseCoreRegistrar"
151-->[:firebase_core] AndroidManifest.xml:12:17-124
152                android:value="com.google.firebase.components.ComponentRegistrar" />
152-->[:firebase_core] AndroidManifest.xml:13:17-82
153            <meta-data
153-->[com.google.firebase:firebase-messaging:24.0.3] AndroidManifest.xml:57:13-59:85
154                android:name="com.google.firebase.components:com.google.firebase.messaging.FirebaseMessagingKtxRegistrar"
154-->[com.google.firebase:firebase-messaging:24.0.3] AndroidManifest.xml:58:17-122
155                android:value="com.google.firebase.components.ComponentRegistrar" />
155-->[com.google.firebase:firebase-messaging:24.0.3] AndroidManifest.xml:59:17-82
156            <meta-data
156-->[com.google.firebase:firebase-messaging:24.0.3] AndroidManifest.xml:60:13-62:85
157                android:name="com.google.firebase.components:com.google.firebase.messaging.FirebaseMessagingRegistrar"
157-->[com.google.firebase:firebase-messaging:24.0.3] AndroidManifest.xml:61:17-119
158                android:value="com.google.firebase.components.ComponentRegistrar" />
158-->[com.google.firebase:firebase-messaging:24.0.3] AndroidManifest.xml:62:17-82
159            <meta-data
159-->[com.google.firebase:firebase-installations:18.0.0] AndroidManifest.xml:15:13-17:85
160                android:name="com.google.firebase.components:com.google.firebase.installations.FirebaseInstallationsKtxRegistrar"
160-->[com.google.firebase:firebase-installations:18.0.0] AndroidManifest.xml:16:17-130
161                android:value="com.google.firebase.components.ComponentRegistrar" />
161-->[com.google.firebase:firebase-installations:18.0.0] AndroidManifest.xml:17:17-82
162            <meta-data
162-->[com.google.firebase:firebase-installations:18.0.0] AndroidManifest.xml:18:13-20:85
163                android:name="com.google.firebase.components:com.google.firebase.installations.FirebaseInstallationsRegistrar"
163-->[com.google.firebase:firebase-installations:18.0.0] AndroidManifest.xml:19:17-127
164                android:value="com.google.firebase.components.ComponentRegistrar" />
164-->[com.google.firebase:firebase-installations:18.0.0] AndroidManifest.xml:20:17-82
165            <meta-data
165-->[com.google.firebase:firebase-common-ktx:21.0.0] AndroidManifest.xml:12:13-14:85
166                android:name="com.google.firebase.components:com.google.firebase.ktx.FirebaseCommonLegacyRegistrar"
166-->[com.google.firebase:firebase-common-ktx:21.0.0] AndroidManifest.xml:13:17-116
167                android:value="com.google.firebase.components.ComponentRegistrar" />
167-->[com.google.firebase:firebase-common-ktx:21.0.0] AndroidManifest.xml:14:17-82
168            <meta-data
168-->[com.google.firebase:firebase-common:21.0.0] AndroidManifest.xml:35:13-37:85
169                android:name="com.google.firebase.components:com.google.firebase.FirebaseCommonKtxRegistrar"
169-->[com.google.firebase:firebase-common:21.0.0] AndroidManifest.xml:36:17-109
170                android:value="com.google.firebase.components.ComponentRegistrar" />
170-->[com.google.firebase:firebase-common:21.0.0] AndroidManifest.xml:37:17-82
171            <meta-data
171-->[com.google.firebase:firebase-datatransport:18.2.0] AndroidManifest.xml:25:13-27:85
172                android:name="com.google.firebase.components:com.google.firebase.datatransport.TransportRegistrar"
172-->[com.google.firebase:firebase-datatransport:18.2.0] AndroidManifest.xml:26:17-115
173                android:value="com.google.firebase.components.ComponentRegistrar" />
173-->[com.google.firebase:firebase-datatransport:18.2.0] AndroidManifest.xml:27:17-82
174        </service>
175
176        <provider
176-->[:firebase_messaging] AndroidManifest.xml:43:9-47:38
177            android:name="io.flutter.plugins.firebase.messaging.FlutterFirebaseMessagingInitProvider"
177-->[:firebase_messaging] AndroidManifest.xml:44:13-102
178            android:authorities="com.example.poswell_app.flutterfirebasemessaginginitprovider"
178-->[:firebase_messaging] AndroidManifest.xml:45:13-88
179            android:exported="false"
179-->[:firebase_messaging] AndroidManifest.xml:46:13-37
180            android:initOrder="99" />
180-->[:firebase_messaging] AndroidManifest.xml:47:13-35
181        <provider
181-->[:image_picker_android] AndroidManifest.xml:11:9-19:20
182            android:name="io.flutter.plugins.imagepicker.ImagePickerFileProvider"
182-->[:image_picker_android] AndroidManifest.xml:12:13-82
183            android:authorities="com.example.poswell_app.flutter.image_provider"
183-->[:image_picker_android] AndroidManifest.xml:13:13-74
184            android:exported="false"
184-->[:image_picker_android] AndroidManifest.xml:14:13-37
185            android:grantUriPermissions="true" >
185-->[:image_picker_android] AndroidManifest.xml:15:13-47
186            <meta-data
186-->[:image_picker_android] AndroidManifest.xml:16:13-18:75
187                android:name="android.support.FILE_PROVIDER_PATHS"
187-->[:image_picker_android] AndroidManifest.xml:17:17-67
188                android:resource="@xml/flutter_image_picker_file_paths" />
188-->[:image_picker_android] AndroidManifest.xml:18:17-72
189        </provider> <!-- Trigger Google Play services to install the backported photo picker module. -->
190        <service
190-->[:image_picker_android] AndroidManifest.xml:21:9-33:19
191            android:name="com.google.android.gms.metadata.ModuleDependencies"
191-->[:image_picker_android] AndroidManifest.xml:22:13-78
192            android:enabled="false"
192-->[:image_picker_android] AndroidManifest.xml:23:13-36
193            android:exported="false" >
193-->[:image_picker_android] AndroidManifest.xml:24:13-37
194            <intent-filter>
194-->[:image_picker_android] AndroidManifest.xml:26:13-28:29
195                <action android:name="com.google.android.gms.metadata.MODULE_DEPENDENCIES" />
195-->[:image_picker_android] AndroidManifest.xml:27:17-94
195-->[:image_picker_android] AndroidManifest.xml:27:25-91
196            </intent-filter>
197
198            <meta-data
198-->[:image_picker_android] AndroidManifest.xml:30:13-32:36
199                android:name="photopicker_activity:0:required"
199-->[:image_picker_android] AndroidManifest.xml:31:17-63
200                android:value="" />
200-->[:image_picker_android] AndroidManifest.xml:32:17-33
201        </service>
202        <service
202-->[:geolocator_android] AndroidManifest.xml:10:9-14:56
203            android:name="com.baseflow.geolocator.GeolocatorLocationService"
203-->[:geolocator_android] AndroidManifest.xml:11:13-77
204            android:enabled="true"
204-->[:geolocator_android] AndroidManifest.xml:12:13-35
205            android:exported="false"
205-->[:geolocator_android] AndroidManifest.xml:13:13-37
206            android:foregroundServiceType="location" />
206-->[:geolocator_android] AndroidManifest.xml:14:13-53
207        <!--
208           Declares a provider which allows us to store files to share in
209           '.../caches/share_plus' and grant the receiving action access
210        -->
211        <provider
211-->[:share_plus] AndroidManifest.xml:15:9-23:20
212            android:name="dev.fluttercommunity.plus.share.ShareFileProvider"
212-->[:share_plus] AndroidManifest.xml:16:13-77
213            android:authorities="com.example.poswell_app.flutter.share_provider"
213-->[:share_plus] AndroidManifest.xml:17:13-74
214            android:exported="false"
214-->[:share_plus] AndroidManifest.xml:18:13-37
215            android:grantUriPermissions="true" >
215-->[:share_plus] AndroidManifest.xml:19:13-47
216            <meta-data
216-->[:image_picker_android] AndroidManifest.xml:16:13-18:75
217                android:name="android.support.FILE_PROVIDER_PATHS"
217-->[:image_picker_android] AndroidManifest.xml:17:17-67
218                android:resource="@xml/flutter_share_file_paths" />
218-->[:image_picker_android] AndroidManifest.xml:18:17-72
219        </provider>
220        <!--
221           This manifest declared broadcast receiver allows us to use an explicit
222           Intent when creating a PendingItent to be informed of the user's choice
223        -->
224        <receiver
224-->[:share_plus] AndroidManifest.xml:28:9-34:20
225            android:name="dev.fluttercommunity.plus.share.SharePlusPendingIntent"
225-->[:share_plus] AndroidManifest.xml:29:13-82
226            android:exported="false" >
226-->[:share_plus] AndroidManifest.xml:30:13-37
227            <intent-filter>
227-->[:share_plus] AndroidManifest.xml:31:13-33:29
228                <action android:name="EXTRA_CHOSEN_COMPONENT" />
228-->[:share_plus] AndroidManifest.xml:32:17-65
228-->[:share_plus] AndroidManifest.xml:32:25-62
229            </intent-filter>
230        </receiver>
231
232        <activity
232-->[:url_launcher_android] AndroidManifest.xml:10:9-13:74
233            android:name="io.flutter.plugins.urllauncher.WebViewActivity"
233-->[:url_launcher_android] AndroidManifest.xml:11:13-74
234            android:exported="false"
234-->[:url_launcher_android] AndroidManifest.xml:12:13-37
235            android:theme="@android:style/Theme.NoTitleBar.Fullscreen" /> <!-- Needs to be explicitly declared on P+ -->
235-->[:url_launcher_android] AndroidManifest.xml:13:13-71
236        <uses-library
236-->[com.google.android.gms:play-services-maps:18.2.0] AndroidManifest.xml:39:9-41:40
237            android:name="org.apache.http.legacy"
237-->[com.google.android.gms:play-services-maps:18.2.0] AndroidManifest.xml:40:13-50
238            android:required="false" />
238-->[com.google.android.gms:play-services-maps:18.2.0] AndroidManifest.xml:41:13-37
239
240        <activity
240-->[com.google.android.gms:play-services-auth:21.0.0] AndroidManifest.xml:23:9-27:75
241            android:name="com.google.android.gms.auth.api.signin.internal.SignInHubActivity"
241-->[com.google.android.gms:play-services-auth:21.0.0] AndroidManifest.xml:24:13-93
242            android:excludeFromRecents="true"
242-->[com.google.android.gms:play-services-auth:21.0.0] AndroidManifest.xml:25:13-46
243            android:exported="false"
243-->[com.google.android.gms:play-services-auth:21.0.0] AndroidManifest.xml:26:13-37
244            android:theme="@android:style/Theme.Translucent.NoTitleBar" />
244-->[com.google.android.gms:play-services-auth:21.0.0] AndroidManifest.xml:27:13-72
245        <!--
246            Service handling Google Sign-In user revocation. For apps that do not integrate with
247            Google Sign-In, this service will never be started.
248        -->
249        <service
249-->[com.google.android.gms:play-services-auth:21.0.0] AndroidManifest.xml:33:9-37:51
250            android:name="com.google.android.gms.auth.api.signin.RevocationBoundService"
250-->[com.google.android.gms:play-services-auth:21.0.0] AndroidManifest.xml:34:13-89
251            android:exported="true"
251-->[com.google.android.gms:play-services-auth:21.0.0] AndroidManifest.xml:35:13-36
252            android:permission="com.google.android.gms.auth.api.signin.permission.REVOCATION_NOTIFICATION"
252-->[com.google.android.gms:play-services-auth:21.0.0] AndroidManifest.xml:36:13-107
253            android:visibleToInstantApps="true" />
253-->[com.google.android.gms:play-services-auth:21.0.0] AndroidManifest.xml:37:13-48
254
255        <receiver
255-->[com.google.firebase:firebase-messaging:24.0.3] AndroidManifest.xml:29:9-40:20
256            android:name="com.google.firebase.iid.FirebaseInstanceIdReceiver"
256-->[com.google.firebase:firebase-messaging:24.0.3] AndroidManifest.xml:30:13-78
257            android:exported="true"
257-->[com.google.firebase:firebase-messaging:24.0.3] AndroidManifest.xml:31:13-36
258            android:permission="com.google.android.c2dm.permission.SEND" >
258-->[com.google.firebase:firebase-messaging:24.0.3] AndroidManifest.xml:32:13-73
259            <intent-filter>
259-->[:firebase_messaging] AndroidManifest.xml:32:13-34:29
260                <action android:name="com.google.android.c2dm.intent.RECEIVE" />
260-->[:firebase_messaging] AndroidManifest.xml:33:17-81
260-->[:firebase_messaging] AndroidManifest.xml:33:25-78
261            </intent-filter>
262
263            <meta-data
263-->[com.google.firebase:firebase-messaging:24.0.3] AndroidManifest.xml:37:13-39:40
264                android:name="com.google.android.gms.cloudmessaging.FINISHED_AFTER_HANDLED"
264-->[com.google.firebase:firebase-messaging:24.0.3] AndroidManifest.xml:38:17-92
265                android:value="true" />
265-->[com.google.firebase:firebase-messaging:24.0.3] AndroidManifest.xml:39:17-37
266        </receiver>
267        <!--
268             FirebaseMessagingService performs security checks at runtime,
269             but set to not exported to explicitly avoid allowing another app to call it.
270        -->
271        <service
271-->[com.google.firebase:firebase-messaging:24.0.3] AndroidManifest.xml:46:9-53:19
272            android:name="com.google.firebase.messaging.FirebaseMessagingService"
272-->[com.google.firebase:firebase-messaging:24.0.3] AndroidManifest.xml:47:13-82
273            android:directBootAware="true"
273-->[com.google.firebase:firebase-messaging:24.0.3] AndroidManifest.xml:48:13-43
274            android:exported="false" >
274-->[com.google.firebase:firebase-messaging:24.0.3] AndroidManifest.xml:49:13-37
275            <intent-filter android:priority="-500" >
275-->[:firebase_messaging] AndroidManifest.xml:23:13-25:29
276                <action android:name="com.google.firebase.MESSAGING_EVENT" />
276-->[:firebase_messaging] AndroidManifest.xml:24:17-78
276-->[:firebase_messaging] AndroidManifest.xml:24:25-75
277            </intent-filter>
278        </service>
279
280        <activity
280-->[com.google.android.gms:play-services-base:18.3.0] AndroidManifest.xml:20:9-22:45
281            android:name="com.google.android.gms.common.api.GoogleApiActivity"
281-->[com.google.android.gms:play-services-base:18.3.0] AndroidManifest.xml:20:19-85
282            android:exported="false"
282-->[com.google.android.gms:play-services-base:18.3.0] AndroidManifest.xml:22:19-43
283            android:theme="@android:style/Theme.Translucent.NoTitleBar" />
283-->[com.google.android.gms:play-services-base:18.3.0] AndroidManifest.xml:21:19-78
284
285        <provider
285-->[com.google.firebase:firebase-common:21.0.0] AndroidManifest.xml:23:9-28:39
286            android:name="com.google.firebase.provider.FirebaseInitProvider"
286-->[com.google.firebase:firebase-common:21.0.0] AndroidManifest.xml:24:13-77
287            android:authorities="com.example.poswell_app.firebaseinitprovider"
287-->[com.google.firebase:firebase-common:21.0.0] AndroidManifest.xml:25:13-72
288            android:directBootAware="true"
288-->[com.google.firebase:firebase-common:21.0.0] AndroidManifest.xml:26:13-43
289            android:exported="false"
289-->[com.google.firebase:firebase-common:21.0.0] AndroidManifest.xml:27:13-37
290            android:initOrder="100" />
290-->[com.google.firebase:firebase-common:21.0.0] AndroidManifest.xml:28:13-36
291        <provider
291-->[androidx.lifecycle:lifecycle-process:2.7.0] AndroidManifest.xml:24:9-32:20
292            android:name="androidx.startup.InitializationProvider"
292-->[androidx.lifecycle:lifecycle-process:2.7.0] AndroidManifest.xml:25:13-67
293            android:authorities="com.example.poswell_app.androidx-startup"